<?xml version="1.0" encoding="UTF-8"?>
<testng-results skipped="0" failed="0" ignored="0" total="2" passed="2">
  <reporter-output>
  </reporter-output>
  <suite name="Default suite" duration-ms="90345" started-at="2021-05-03T07:33:54Z" finished-at="2021-05-03T07:35:24Z">
    <groups>
    </groups>
    <test name="Default test" duration-ms="90345" started-at="2021-05-03T07:33:54Z" finished-at="2021-05-03T07:35:24Z">
      <class name="com.google.GooglePage">
        <test-method status="PASS" signature="setup()[pri:0, instance:com.google.GooglePage@51081592]" name="setup" is-config="true" duration-ms="6606" started-at="2021-05-03T13:04:07Z" finished-at="2021-05-03T13:04:14Z">
          <reporter-output>
          </reporter-output>
        </test-method> <!-- setup -->
        <test-method status="PASS" signature="Google()[pri:0, instance:com.google.GooglePage@51081592]" name="Google" duration-ms="193" started-at="2021-05-03T13:04:14Z" finished-at="2021-05-03T13:04:14Z">
          <reporter-output>
          </reporter-output>
        </test-method> <!-- Google -->
        <test-method status="PASS" signature="TearDown()[pri:0, instance:com.google.GooglePage@51081592]" name="TearDown" is-config="true" duration-ms="70148" started-at="2021-05-03T13:04:14Z" finished-at="2021-05-03T13:05:24Z">
          <reporter-output>
          </reporter-output>
        </test-method> <!-- TearDown -->
      </class> <!-- com.google.GooglePage -->
      <class name="com.google.google">
        <test-method status="PASS" signature="setup()[pri:0, instance:com.google.google@396a51ab]" name="setup" is-config="true" duration-ms="11118" started-at="2021-05-03T13:03:54Z" finished-at="2021-05-03T13:04:05Z">
          <reporter-output>
          </reporter-output>
        </test-method> <!-- setup -->
        <test-method status="PASS" signature="Search()[pri:0, instance:com.google.google@396a51ab]" name="Search" duration-ms="191" started-at="2021-05-03T13:04:05Z" finished-at="2021-05-03T13:04:05Z">
          <reporter-output>
          </reporter-output>
        </test-method> <!-- Search -->
        <test-method status="PASS" signature="TearDown()[pri:0, instance:com.google.google@396a51ab]" name="TearDown" is-config="true" duration-ms="2071" started-at="2021-05-03T13:04:05Z" finished-at="2021-05-03T13:04:07Z">
          <reporter-output>
          </reporter-output>
        </test-method> <!-- TearDown -->
      </class> <!-- com.google.google -->
    </test> <!-- Default test -->
  </suite> <!-- Default suite -->
</testng-results>
